<!DOCTYPE html PUBLIC "-//W3C//DTD XHTML 1.1//EN" "https://www.w3.org/TR/xhtml11/DTD/xhtml11.dtd">
<html xmlns="https://www.w3.org/1999/xhtml">
<head>
<meta http-equiv="content-type" content="text/html; charset=UTF-8"/>
<title>TestNG Report</title>
<style type="text/css">table {margin-bottom:10px;border-collapse:collapse;empty-cells:show}th,td {border:1px solid #009;padding:.25em .5em}th {vertical-align:bottom}td {vertical-align:top}table a {font-weight:bold}.stripe td {background-color: #E6EBF9}.num {text-align:right}.passedodd td {background-color: #3F3}.passedeven td {background-color: #0A0}.skippedodd td {background-color: #DDD}.skippedeven td {background-color: #CCC}.failedodd td,.attn {background-color: #F33}.failedeven td,.stripe .attn {background-color: #D00}.stacktrace {white-space:pre;font-family:monospace}.totop {font-size:85%;text-align:center;border-bottom:2px solid #000}.invisible {display:none}</style>
</head>
<body>
<table>
<tr><th>Test</th><th># Passed</th><th># Skipped</th><th># Retried</th><th># Failed</th><th>Time (ms)</th><th>Included Groups</th><th>Excluded Groups</th></tr>
<tr><th colspan="8">Suite</th></tr>
<tr><td><a href="#t0">Test</a></td><td class="num">25</td><td class="num">0</td><td class="num">0</td><td class="num attn">6</td><td class="num">409,662</td><td></td><td></td></tr>
</table>
<table id='summary'><thead><tr><th>Class</th><th>Method</th><th>Start</th><th>Time (ms)</th></tr></thead><tbody><tr><th colspan="4">Suite</th></tr></tbody><tbody id="t0"><tr><th colspan="4">Test &#8212; failed</th></tr><tr class="failedeven"><td rowspan="1">testcases.LoginNegativeTests</td><td><a href="#m0">testInvalidPassword</a></td><td rowspan="1">1757340200255</td><td rowspan="1">1550</td></tr><tr class="failedodd"><td rowspan="1">testcases.ProductCartTest</td><td><a href="#m1">testShoppingCart_Modify_Remove_Checkout</a></td><td rowspan="1">1757340338891</td><td rowspan="1">22919</td></tr><tr class="failedeven"><td rowspan="3">testcases.RegisterNegativeTest</td><td><a href="#m2">testEmptyForm</a></td><td rowspan="1">1757340123462</td><td rowspan="1">10229</td></tr><tr class="failedeven"><td><a href="#m3">testFirstNameBlank</a></td><td rowspan="1">1757340152621</td><td rowspan="1">11861</td></tr><tr class="failedeven"><td><a href="#m4">testPasswordBelowMinLength</a></td><td rowspan="1">1757340145388</td><td rowspan="1">4833</td></tr><tr class="failedodd"><td rowspan="1">testcases.SearchFilterTest</td><td><a href="#m5">testSearchMacBook</a></td><td rowspan="1">1757340371224</td><td rowspan="1">2720</td></tr><tr><th colspan="4">Test &#8212; passed</th></tr><tr class="passedeven"><td rowspan="5">testcases.BrowseNavigationTest</td><td><a href="#m6">testNavigateApparel_Shoes</a></td><td rowspan="1">1757340248085</td><td rowspan="1">6307</td></tr><tr class="passedeven"><td><a href="#m7">testNavigateComputers_Notebooks</a></td><td rowspan="1">1757340208212</td><td rowspan="1">7221</td></tr><tr class="passedeven"><td><a href="#m8">testNavigateElectronics_CellPhones</a></td><td rowspan="1">1757340223085</td><td rowspan="1">9456</td></tr><tr class="passedeven"><td><a href="#m9">testProductImageRedirection</a></td><td rowspan="1">1757340262133</td><td rowspan="1">21582</td></tr><tr class="passedeven"><td><a href="#m10">testProductTitleRedirection</a></td><td rowspan="1">1757340286772</td><td rowspan="1">4796</td></tr><tr class="passedodd"><td rowspan="5">testcases.LoginNegativeTests</td><td><a href="#m11">testBlankEmail</a></td><td rowspan="1">1757340173282</td><td rowspan="1">1319</td></tr><tr class="passedodd"><td><a href="#m12">testBlankEmailAndPassword</a></td><td rowspan="1">1757340176797</td><td rowspan="1">805</td></tr><tr class="passedodd"><td><a href="#m13">testBlankPassword</a></td><td rowspan="1">1757340179685</td><td rowspan="1">1352</td></tr><tr class="passedodd"><td><a href="#m14">testInvalidEmail</a></td><td rowspan="1">1757340183148</td><td rowspan="1">1346</td></tr><tr class="passedodd"><td><a href="#m15">testInvalidEmailFormat</a></td><td rowspan="1">1757340186683</td><td rowspan="1">960</td></tr><tr class="passedeven"><td rowspan="1">testcases.LoginTest</td><td><a href="#m16">testValidLogin</a></td><td rowspan="1">1757340041777</td><td rowspan="1">66816</td></tr><tr class="passedodd"><td rowspan="1">testcases.LogoutTest</td><td><a href="#m17">testLogout</a></td><td rowspan="1">1757340119997</td><td rowspan="1">1090</td></tr><tr class="passedeven"><td rowspan="3">testcases.ProductCartTest</td><td><a href="#m18">testAppleMacBookPro_Wishlist</a></td><td rowspan="1">1757340308500</td><td rowspan="1">10106</td></tr><tr class="passedeven"><td><a href="#m19">testBuildYourOwnComputer_AddToCart</a></td><td rowspan="1">1757340293978</td><td rowspan="1">11357</td></tr><tr class="passedeven"><td><a href="#m20">testVirtualGiftCard_AddMultiple</a></td><td rowspan="1">1757340326241</td><td rowspan="1">5559</td></tr><tr class="passedodd"><td rowspan="3">testcases.RegisterNegativeTest</td><td><a href="#m21">testInvalidEmailFormat</a></td><td rowspan="1">1757340136198</td><td rowspan="1">1579</td></tr><tr class="passedodd"><td><a href="#m22">testLastNameBlank</a></td><td rowspan="1">1757340169566</td><td rowspan="1">1436</td></tr><tr class="passedodd"><td><a href="#m23">testPasswordMismatch</a></td><td rowspan="1">1757340140115</td><td rowspan="1">1642</td></tr><tr class="passedeven"><td rowspan="3">testcases.RegisterTest</td><td><a href="#m24">testUserRegistration</a></td><td rowspan="3">1757340016030</td><td rowspan="3">5498</td></tr><tr class="passedeven"><td><a href="#m25">testUserRegistration</a></td></tr><tr class="passedeven"><td><a href="#m26">testUserRegistration</a></td></tr><tr class="passedodd"><td rowspan="4">testcases.SearchFilterTest</td><td><a href="#m27">testSearchGiftCard</a></td><td rowspan="1">1757340393056</td><td rowspan="1">3397</td></tr><tr class="passedodd"><td><a href="#m28">testSearchHTC</a></td><td rowspan="1">1757340379683</td><td rowspan="1">4470</td></tr><tr class="passedodd"><td><a href="#m29">testSortByPriceHighToLow</a></td><td rowspan="1">1757340410065</td><td rowspan="1">5980</td></tr><tr class="passedodd"><td><a href="#m30">testSortByPriceLowToHigh</a></td><td rowspan="1">1757340400792</td><td rowspan="1">3159</td></tr></tbody>
</table>
<h2>Test</h2><h3 id="m0">testcases.LoginNegativeTests#testInvalidPassword</h3><table class="result"><tr><th>Exception</th></tr><tr><td><div class="stacktrace">java.lang.AssertionError: Error message mismatch expected [true] but found [false]
	at testcases.LoginNegativeTests.testInvalidPassword(LoginNegativeTests.java:43)
	at java.base/java.util.ArrayList.forEach(ArrayList.java:1596)
... Removed 28 stack frames</div></td></tr></table><p class="totop"><a href="#summary">back to summary</a></p>
<h3 id="m1">testcases.ProductCartTest#testShoppingCart_Modify_Remove_Checkout</h3><table class="result"><tr><th>Exception</th></tr><tr><td><div class="stacktrace">org.openqa.selenium.TimeoutException: Expected condition failed: waiting for visibility of element located by By.cssSelector: table.cart (tried for 10 second(s) with 500 milliseconds interval)
Build info: version: &apos;4.35.0&apos;, revision: &apos;1c58e5028b&apos;
System info: os.name: &apos;Windows 11&apos;, os.arch: &apos;amd64&apos;, os.version: &apos;10.0&apos;, java.version: &apos;21.0.7&apos;
Driver info: org.openqa.selenium.chrome.ChromeDriver
Capabilities {acceptInsecureCerts: false, browserName: chrome, browserVersion: 139.0.7258.155, chrome: {chromedriverVersion: 139.0.7258.154 (9e0d6b2b47f..., userDataDir: C:\Users\Pavan\AppData\Loca...}, fedcm:accounts: true, goog:chromeOptions: {debuggerAddress: localhost:58691}, networkConnectionEnabled: false, pageLoadStrategy: normal, platformName: windows, proxy: Proxy(), se:cdp: ws://localhost:58691/devtoo..., se:cdpVersion: 139.0.7258.155, setWindowRect: true, strictFileInteractability: false, timeouts: {implicit: 0, pageLoad: 300000, script: 30000}, unhandledPromptBehavior: dismiss and notify, webauthn:extension:credBlob: true, webauthn:extension:largeBlob: true, webauthn:extension:minPinLength: true, webauthn:extension:prf: true, webauthn:virtualAuthenticators: true}
Session ID: 4a1092b117673923eb5f6601ff582a5b
	at org.openqa.selenium.support.ui.WebDriverWait.timeoutException(WebDriverWait.java:84)
	at org.openqa.selenium.support.ui.FluentWait.until(FluentWait.java:228)
	at utils.WaitUtils.waitForVisibility(WaitUtils.java:14)
	at testcases.ProductCartTest.testShoppingCart_Modify_Remove_Checkout(ProductCartTest.java:96)
	at java.base/java.util.ArrayList.forEach(ArrayList.java:1596)
... Removed 25 stack frames</div></td></tr></table><p class="totop"><a href="#summary">back to summary</a></p>
<h3 id="m2">testcases.RegisterNegativeTest#testEmptyForm</h3><table class="result"><tr><th>Exception</th></tr><tr><td><div class="stacktrace">org.openqa.selenium.TimeoutException: Expected condition failed: waiting for visibility of element located by By.id: FirstName-error (tried for 10 second(s) with 500 milliseconds interval)
Build info: version: &apos;4.35.0&apos;, revision: &apos;1c58e5028b&apos;
System info: os.name: &apos;Windows 11&apos;, os.arch: &apos;amd64&apos;, os.version: &apos;10.0&apos;, java.version: &apos;21.0.7&apos;
Driver info: org.openqa.selenium.chrome.ChromeDriver
Capabilities {acceptInsecureCerts: false, browserName: chrome, browserVersion: 139.0.7258.155, chrome: {chromedriverVersion: 139.0.7258.154 (9e0d6b2b47f..., userDataDir: C:\Users\Pavan\AppData\Loca...}, fedcm:accounts: true, goog:chromeOptions: {debuggerAddress: localhost:58180}, networkConnectionEnabled: false, pageLoadStrategy: normal, platformName: windows, proxy: Proxy(), se:cdp: ws://localhost:58180/devtoo..., se:cdpVersion: 139.0.7258.155, setWindowRect: true, strictFileInteractability: false, timeouts: {implicit: 0, pageLoad: 300000, script: 30000}, unhandledPromptBehavior: dismiss and notify, webauthn:extension:credBlob: true, webauthn:extension:largeBlob: true, webauthn:extension:minPinLength: true, webauthn:extension:prf: true, webauthn:virtualAuthenticators: true}
Session ID: 29bf3c280dd9a26e4a27504f8069d5e7
	at org.openqa.selenium.support.ui.WebDriverWait.timeoutException(WebDriverWait.java:84)
	at org.openqa.selenium.support.ui.FluentWait.until(FluentWait.java:228)
	at pages.RegisterPage.getFirstNameError(RegisterPage.java:80)
	at testcases.RegisterNegativeTest.testEmptyForm(RegisterNegativeTest.java:35)
	at java.base/java.util.ArrayList.forEach(ArrayList.java:1596)
... Removed 25 stack frames</div></td></tr></table><p class="totop"><a href="#summary">back to summary</a></p>
<h3 id="m3">testcases.RegisterNegativeTest#testFirstNameBlank</h3><table class="result"><tr><th>Exception</th></tr><tr><td><div class="stacktrace">org.openqa.selenium.TimeoutException: Expected condition failed: waiting for visibility of element located by By.id: FirstName-error (tried for 10 second(s) with 500 milliseconds interval)
Build info: version: &apos;4.35.0&apos;, revision: &apos;1c58e5028b&apos;
System info: os.name: &apos;Windows 11&apos;, os.arch: &apos;amd64&apos;, os.version: &apos;10.0&apos;, java.version: &apos;21.0.7&apos;
Driver info: org.openqa.selenium.chrome.ChromeDriver
Capabilities {acceptInsecureCerts: false, browserName: chrome, browserVersion: 139.0.7258.155, chrome: {chromedriverVersion: 139.0.7258.154 (9e0d6b2b47f..., userDataDir: C:\Users\Pavan\AppData\Loca...}, fedcm:accounts: true, goog:chromeOptions: {debuggerAddress: localhost:58274}, networkConnectionEnabled: false, pageLoadStrategy: normal, platformName: windows, proxy: Proxy(), se:cdp: ws://localhost:58274/devtoo..., se:cdpVersion: 139.0.7258.155, setWindowRect: true, strictFileInteractability: false, timeouts: {implicit: 0, pageLoad: 300000, script: 30000}, unhandledPromptBehavior: dismiss and notify, webauthn:extension:credBlob: true, webauthn:extension:largeBlob: true, webauthn:extension:minPinLength: true, webauthn:extension:prf: true, webauthn:virtualAuthenticators: true}
Session ID: e206f2d951c5999e5fecc0918cbde6ef
	at org.openqa.selenium.support.ui.WebDriverWait.timeoutException(WebDriverWait.java:84)
	at org.openqa.selenium.support.ui.FluentWait.until(FluentWait.java:228)
	at pages.RegisterPage.getFirstNameError(RegisterPage.java:80)
	at testcases.RegisterNegativeTest.testFirstNameBlank(RegisterNegativeTest.java:88)
	at java.base/java.util.ArrayList.forEach(ArrayList.java:1596)
... Removed 25 stack frames</div></td></tr></table><p class="totop"><a href="#summary">back to summary</a></p>
<h3 id="m4">testcases.RegisterNegativeTest#testPasswordBelowMinLength</h3><table class="result"><tr><th>Exception</th></tr><tr><td><div class="stacktrace">org.openqa.selenium.NoSuchElementException: no such element: Unable to locate element: {&quot;method&quot;:&quot;css selector&quot;,&quot;selector&quot;:&quot;#Password\-error&quot;}
  (Session info: chrome=139.0.7258.155)
For documentation on this error, please visit: https://www.selenium.dev/documentation/webdriver/troubleshooting/errors#no-such-element-exception
Build info: version: &apos;4.35.0&apos;, revision: &apos;1c58e5028b&apos;
System info: os.name: &apos;Windows 11&apos;, os.arch: &apos;amd64&apos;, os.version: &apos;10.0&apos;, java.version: &apos;21.0.7&apos;
Driver info: org.openqa.selenium.chrome.ChromeDriver
Command: [f83d2ebbedaf333f5c5420ac849c730f, findElement {value=Password-error, using=id}]
Capabilities {acceptInsecureCerts: false, browserName: chrome, browserVersion: 139.0.7258.155, chrome: {chromedriverVersion: 139.0.7258.154 (9e0d6b2b47f..., userDataDir: C:\Users\Pavan\AppData\Loca...}, fedcm:accounts: true, goog:chromeOptions: {debuggerAddress: localhost:58251}, networkConnectionEnabled: false, pageLoadStrategy: normal, platformName: windows, proxy: Proxy(), se:cdp: ws://localhost:58251/devtoo..., se:cdpVersion: 139.0.7258.155, setWindowRect: true, strictFileInteractability: false, timeouts: {implicit: 0, pageLoad: 300000, script: 30000}, unhandledPromptBehavior: dismiss and notify, webauthn:extension:credBlob: true, webauthn:extension:largeBlob: true, webauthn:extension:minPinLength: true, webauthn:extension:prf: true, webauthn:virtualAuthenticators: true}
Session ID: f83d2ebbedaf333f5c5420ac849c730f
	at org.openqa.selenium.remote.ErrorCodec.decode(ErrorCodec.java:167)
	at org.openqa.selenium.remote.codec.w3c.W3CHttpResponseCodec.decode(W3CHttpResponseCodec.java:138)
	at org.openqa.selenium.remote.codec.w3c.W3CHttpResponseCodec.decode(W3CHttpResponseCodec.java:50)
	at org.openqa.selenium.remote.HttpCommandExecutor.execute(HttpCommandExecutor.java:215)
	at org.openqa.selenium.remote.service.DriverCommandExecutor.invokeExecute(DriverCommandExecutor.java:216)
	at org.openqa.selenium.remote.service.DriverCommandExecutor.execute(DriverCommandExecutor.java:174)
	at org.openqa.selenium.remote.RemoteWebDriver.execute(RemoteWebDriver.java:557)
	at org.openqa.selenium.remote.ElementLocation$ElementFinder$2.findElement(ElementLocation.java:165)
	at org.openqa.selenium.remote.ElementLocation.findElement(ElementLocation.java:59)
	at org.openqa.selenium.remote.RemoteWebDriver.findElement(RemoteWebDriver.java:380)
	at org.openqa.selenium.remote.RemoteWebDriver.findElement(RemoteWebDriver.java:374)
	at pages.RegisterPage.getPasswordError(RegisterPage.java:92)
	at testcases.RegisterNegativeTest.testPasswordBelowMinLength(RegisterNegativeTest.java:76)
	at java.base/java.util.ArrayList.forEach(ArrayList.java:1596)
... Removed 28 stack frames</div></td></tr></table><p class="totop"><a href="#summary">back to summary</a></p>
<h3 id="m5">testcases.SearchFilterTest#testSearchMacBook</h3><table class="result"><tr><th>Exception</th></tr><tr><td><div class="stacktrace">java.lang.AssertionError: Search results did not match keyword! expected [true] but found [false]
	at testcases.SearchFilterTest.testSearchMacBook(SearchFilterTest.java:31)
	at java.base/java.util.ArrayList.forEach(ArrayList.java:1596)
... Removed 28 stack frames</div></td></tr></table><p class="totop"><a href="#summary">back to summary</a></p>
<h3 id="m6">testcases.BrowseNavigationTest#testNavigateApparel_Shoes</h3><table class="result"><tr><th class="invisible"/></tr></table><p class="totop"><a href="#summary">back to summary</a></p>
<h3 id="m7">testcases.BrowseNavigationTest#testNavigateComputers_Notebooks</h3><table class="result"><tr><th class="invisible"/></tr></table><p class="totop"><a href="#summary">back to summary</a></p>
<h3 id="m8">testcases.BrowseNavigationTest#testNavigateElectronics_CellPhones</h3><table class="result"><tr><th class="invisible"/></tr></table><p class="totop"><a href="#summary">back to summary</a></p>
<h3 id="m9">testcases.BrowseNavigationTest#testProductImageRedirection</h3><table class="result"><tr><th class="invisible"/></tr></table><p class="totop"><a href="#summary">back to summary</a></p>
<h3 id="m10">testcases.BrowseNavigationTest#testProductTitleRedirection</h3><table class="result"><tr><th class="invisible"/></tr></table><p class="totop"><a href="#summary">back to summary</a></p>
<h3 id="m11">testcases.LoginNegativeTests#testBlankEmail</h3><table class="result"><tr><th class="invisible"/></tr></table><p class="totop"><a href="#summary">back to summary</a></p>
<h3 id="m12">testcases.LoginNegativeTests#testBlankEmailAndPassword</h3><table class="result"><tr><th class="invisible"/></tr></table><p class="totop"><a href="#summary">back to summary</a></p>
<h3 id="m13">testcases.LoginNegativeTests#testBlankPassword</h3><table class="result"><tr><th class="invisible"/></tr></table><p class="totop"><a href="#summary">back to summary</a></p>
<h3 id="m14">testcases.LoginNegativeTests#testInvalidEmail</h3><table class="result"><tr><th class="invisible"/></tr></table><p class="totop"><a href="#summary">back to summary</a></p>
<h3 id="m15">testcases.LoginNegativeTests#testInvalidEmailFormat</h3><table class="result"><tr><th class="invisible"/></tr></table><p class="totop"><a href="#summary">back to summary</a></p>
<h3 id="m16">testcases.LoginTest#testValidLogin</h3><table class="result"><tr><th class="invisible"/></tr></table><p class="totop"><a href="#summary">back to summary</a></p>
<h3 id="m17">testcases.LogoutTest#testLogout</h3><table class="result"><tr><th class="invisible"/></tr></table><p class="totop"><a href="#summary">back to summary</a></p>
<h3 id="m18">testcases.ProductCartTest#testAppleMacBookPro_Wishlist</h3><table class="result"><tr><th class="invisible"/></tr></table><p class="totop"><a href="#summary">back to summary</a></p>
<h3 id="m19">testcases.ProductCartTest#testBuildYourOwnComputer_AddToCart</h3><table class="result"><tr><th class="invisible"/></tr></table><p class="totop"><a href="#summary">back to summary</a></p>
<h3 id="m20">testcases.ProductCartTest#testVirtualGiftCard_AddMultiple</h3><table class="result"><tr><th class="invisible"/></tr></table><p class="totop"><a href="#summary">back to summary</a></p>
<h3 id="m21">testcases.RegisterNegativeTest#testInvalidEmailFormat</h3><table class="result"><tr><th class="invisible"/></tr></table><p class="totop"><a href="#summary">back to summary</a></p>
<h3 id="m22">testcases.RegisterNegativeTest#testLastNameBlank</h3><table class="result"><tr><th class="invisible"/></tr></table><p class="totop"><a href="#summary">back to summary</a></p>
<h3 id="m23">testcases.RegisterNegativeTest#testPasswordMismatch</h3><table class="result"><tr><th class="invisible"/></tr></table><p class="totop"><a href="#summary">back to summary</a></p>
<h3 id="m24">testcases.RegisterTest#testUserRegistration</h3><table class="result"><tr class="param"><th>Parameter #1</th><th>Parameter #2</th><th>Parameter #3</th><th>Parameter #4</th></tr><tr class="param stripe"><td>pavan</td><td>one</td><td>pavan453@gmail.com</td><td>Pavan123</td></tr></table><p class="totop"><a href="#summary">back to summary</a></p>
<h3 id="m25">testcases.RegisterTest#testUserRegistration</h3><table class="result"><tr class="param"><th>Parameter #1</th><th>Parameter #2</th><th>Parameter #3</th><th>Parameter #4</th></tr><tr class="param stripe"><td>Pavan</td><td>three</td><td>pavan512@gmail.com</td><td>pavan123</td></tr></table><p class="totop"><a href="#summary">back to summary</a></p>
<h3 id="m26">testcases.RegisterTest#testUserRegistration</h3><table class="result"><tr class="param"><th>Parameter #1</th><th>Parameter #2</th><th>Parameter #3</th><th>Parameter #4</th></tr><tr class="param stripe"><td>pavan</td><td>two</td><td>pavan612@gmail.com</td><td>Pavan123</td></tr></table><p class="totop"><a href="#summary">back to summary</a></p>
<h3 id="m27">testcases.SearchFilterTest#testSearchGiftCard</h3><table class="result"><tr><th class="invisible"/></tr></table><p class="totop"><a href="#summary">back to summary</a></p>
<h3 id="m28">testcases.SearchFilterTest#testSearchHTC</h3><table class="result"><tr><th class="invisible"/></tr></table><p class="totop"><a href="#summary">back to summary</a></p>
<h3 id="m29">testcases.SearchFilterTest#testSortByPriceHighToLow</h3><table class="result"><tr><th class="invisible"/></tr></table><p class="totop"><a href="#summary">back to summary</a></p>
<h3 id="m30">testcases.SearchFilterTest#testSortByPriceLowToHigh</h3><table class="result"><tr><th class="invisible"/></tr></table><p class="totop"><a href="#summary">back to summary</a></p>
</body>
</html>
