<?xml version="1.0" encoding="UTF-8"?>
<testng-results ignored="0" total="31" passed="25" failed="6" skipped="0">
  <reporter-output>
  </reporter-output>
  <suite started-at="2025-09-08T19:30:06 IST" name="Suite" finished-at="2025-09-08T19:36:56 IST" duration-ms="409662">
    <groups>
    </groups>
    <test started-at="2025-09-08T19:30:06 IST" name="Test" finished-at="2025-09-08T19:36:56 IST" duration-ms="409662">
      <class name="testcases.LogoutTest">
        <test-method is-config="true" signature="setup(java.lang.String)[pri:0, instance:testcases.LogoutTest@93081b6]" started-at="2025-09-08T19:31:49 IST" name="setup" finished-at="2025-09-08T19:31:59 IST" duration-ms="10990" status="PASS">
          <params>
            <param index="0">
              <value>
                <![CDATA[chrome]]>
              </value>
            </param>
          </params>
          <reporter-output>
          </reporter-output>
        </test-method> <!-- setup -->
        <test-method signature="testLogout()[pri:0, instance:testcases.LogoutTest@93081b6]" started-at="2025-09-08T19:31:59 IST" name="testLogout" finished-at="2025-09-08T19:32:01 IST" duration-ms="1090" status="PASS">
          <reporter-output>
          </reporter-output>
        </test-method> <!-- testLogout -->
        <test-method is-config="true" signature="tearDown()[pri:0, instance:testcases.LogoutTest@93081b6]" started-at="2025-09-08T19:32:01 IST" name="tearDown" finished-at="2025-09-08T19:32:01 IST" duration-ms="377" status="PASS">
          <reporter-output>
          </reporter-output>
        </test-method> <!-- tearDown -->
      </class> <!-- testcases.LogoutTest -->
      <class name="testcases.RegisterTest">
        <test-method is-config="true" signature="setup(java.lang.String)[pri:0, instance:testcases.RegisterTest@3cce57c7]" started-at="2025-09-08T19:30:08 IST" name="setup" finished-at="2025-09-08T19:30:16 IST" duration-ms="7964" status="PASS">
          <params>
            <param index="0">
              <value>
                <![CDATA[chrome]]>
              </value>
            </param>
          </params>
          <reporter-output>
          </reporter-output>
        </test-method> <!-- setup -->
        <test-method signature="testUserRegistration(java.lang.String,java.lang.String,java.lang.String,java.lang.String)[pri:0, instance:testcases.RegisterTest@3cce57c7]" started-at="2025-09-08T19:30:16 IST" name="testUserRegistration" data-provider="registerData" finished-at="2025-09-08T19:30:21 IST" duration-ms="5498" status="PASS">
          <params>
            <param index="0">
              <value>
                <![CDATA[pavan]]>
              </value>
            </param>
            <param index="1">
              <value>
                <![CDATA[one]]>
              </value>
            </param>
            <param index="2">
              <value>
                <![CDATA[pavan453@gmail.com]]>
              </value>
            </param>
            <param index="3">
              <value>
                <![CDATA[Pavan123]]>
              </value>
            </param>
          </params>
          <reporter-output>
          </reporter-output>
        </test-method> <!-- testUserRegistration -->
        <test-method is-config="true" signature="tearDown()[pri:0, instance:testcases.RegisterTest@3cce57c7]" started-at="2025-09-08T19:30:21 IST" name="tearDown" finished-at="2025-09-08T19:30:21 IST" duration-ms="415" status="PASS">
          <reporter-output>
          </reporter-output>
        </test-method> <!-- tearDown -->
        <test-method is-config="true" signature="setup(java.lang.String)[pri:0, instance:testcases.RegisterTest@3cce57c7]" started-at="2025-09-08T19:30:21 IST" name="setup" finished-at="2025-09-08T19:30:26 IST" duration-ms="4666" status="PASS">
          <params>
            <param index="0">
              <value>
                <![CDATA[chrome]]>
              </value>
            </param>
          </params>
          <reporter-output>
          </reporter-output>
        </test-method> <!-- setup -->
        <test-method signature="testUserRegistration(java.lang.String,java.lang.String,java.lang.String,java.lang.String)[pri:0, instance:testcases.RegisterTest@3cce57c7]" started-at="2025-09-08T19:30:26 IST" name="testUserRegistration" data-provider="registerData" finished-at="2025-09-08T19:30:30 IST" duration-ms="4049" status="PASS">
          <params>
            <param index="0">
              <value>
                <![CDATA[pavan]]>
              </value>
            </param>
            <param index="1">
              <value>
                <![CDATA[two]]>
              </value>
            </param>
            <param index="2">
              <value>
                <![CDATA[pavan612@gmail.com]]>
              </value>
            </param>
            <param index="3">
              <value>
                <![CDATA[Pavan123]]>
              </value>
            </param>
          </params>
          <reporter-output>
          </reporter-output>
        </test-method> <!-- testUserRegistration -->
        <test-method is-config="true" signature="tearDown()[pri:0, instance:testcases.RegisterTest@3cce57c7]" started-at="2025-09-08T19:30:30 IST" name="tearDown" finished-at="2025-09-08T19:30:31 IST" duration-ms="410" status="PASS">
          <reporter-output>
          </reporter-output>
        </test-method> <!-- tearDown -->
        <test-method is-config="true" signature="setup(java.lang.String)[pri:0, instance:testcases.RegisterTest@3cce57c7]" started-at="2025-09-08T19:30:31 IST" name="setup" finished-at="2025-09-08T19:30:36 IST" duration-ms="4954" status="PASS">
          <params>
            <param index="0">
              <value>
                <![CDATA[chrome]]>
              </value>
            </param>
          </params>
          <reporter-output>
          </reporter-output>
        </test-method> <!-- setup -->
        <test-method signature="testUserRegistration(java.lang.String,java.lang.String,java.lang.String,java.lang.String)[pri:0, instance:testcases.RegisterTest@3cce57c7]" started-at="2025-09-08T19:30:36 IST" name="testUserRegistration" data-provider="registerData" finished-at="2025-09-08T19:30:39 IST" duration-ms="3340" status="PASS">
          <params>
            <param index="0">
              <value>
                <![CDATA[Pavan]]>
              </value>
            </param>
            <param index="1">
              <value>
                <![CDATA[three]]>
              </value>
            </param>
            <param index="2">
              <value>
                <![CDATA[pavan512@gmail.com]]>
              </value>
            </param>
            <param index="3">
              <value>
                <![CDATA[pavan123]]>
              </value>
            </param>
          </params>
          <reporter-output>
          </reporter-output>
        </test-method> <!-- testUserRegistration -->
        <test-method is-config="true" signature="tearDown()[pri:0, instance:testcases.RegisterTest@3cce57c7]" started-at="2025-09-08T19:30:39 IST" name="tearDown" finished-at="2025-09-08T19:30:39 IST" duration-ms="389" status="PASS">
          <reporter-output>
          </reporter-output>
        </test-method> <!-- tearDown -->
      </class> <!-- testcases.RegisterTest -->
      <class name="testcases.ProductCartTest">
        <test-method is-config="true" signature="setup(java.lang.String)[pri:0, instance:testcases.ProductCartTest@15a04efb]" started-at="2025-09-08T19:34:51 IST" name="setup" finished-at="2025-09-08T19:34:53 IST" duration-ms="2025" status="PASS">
          <params>
            <param index="0">
              <value>
                <![CDATA[chrome]]>
              </value>
            </param>
          </params>
          <reporter-output>
          </reporter-output>
        </test-method> <!-- setup -->
        <test-method signature="testBuildYourOwnComputer_AddToCart()[pri:1, instance:testcases.ProductCartTest@15a04efb]" started-at="2025-09-08T19:34:53 IST" name="testBuildYourOwnComputer_AddToCart" finished-at="2025-09-08T19:35:05 IST" duration-ms="11357" status="PASS">
          <reporter-output>
          </reporter-output>
        </test-method> <!-- testBuildYourOwnComputer_AddToCart -->
        <test-method is-config="true" signature="tearDown()[pri:0, instance:testcases.ProductCartTest@15a04efb]" started-at="2025-09-08T19:35:05 IST" name="tearDown" finished-at="2025-09-08T19:35:05 IST" duration-ms="401" status="PASS">
          <reporter-output>
          </reporter-output>
        </test-method> <!-- tearDown -->
        <test-method is-config="true" signature="setup(java.lang.String)[pri:0, instance:testcases.ProductCartTest@15a04efb]" started-at="2025-09-08T19:35:05 IST" name="setup" finished-at="2025-09-08T19:35:08 IST" duration-ms="2759" status="PASS">
          <params>
            <param index="0">
              <value>
                <![CDATA[chrome]]>
              </value>
            </param>
          </params>
          <reporter-output>
          </reporter-output>
        </test-method> <!-- setup -->
        <test-method signature="testAppleMacBookPro_Wishlist()[pri:2, instance:testcases.ProductCartTest@15a04efb]" started-at="2025-09-08T19:35:08 IST" name="testAppleMacBookPro_Wishlist" finished-at="2025-09-08T19:35:18 IST" duration-ms="10106" status="PASS">
          <reporter-output>
          </reporter-output>
        </test-method> <!-- testAppleMacBookPro_Wishlist -->
        <test-method is-config="true" signature="tearDown()[pri:0, instance:testcases.ProductCartTest@15a04efb]" started-at="2025-09-08T19:35:18 IST" name="tearDown" finished-at="2025-09-08T19:35:18 IST" duration-ms="382" status="PASS">
          <reporter-output>
          </reporter-output>
        </test-method> <!-- tearDown -->
        <test-method is-config="true" signature="setup(java.lang.String)[pri:0, instance:testcases.ProductCartTest@15a04efb]" started-at="2025-09-08T19:35:18 IST" name="setup" finished-at="2025-09-08T19:35:26 IST" duration-ms="7249" status="PASS">
          <params>
            <param index="0">
              <value>
                <![CDATA[chrome]]>
              </value>
            </param>
          </params>
          <reporter-output>
          </reporter-output>
        </test-method> <!-- setup -->
        <test-method signature="testVirtualGiftCard_AddMultiple()[pri:3, instance:testcases.ProductCartTest@15a04efb]" started-at="2025-09-08T19:35:26 IST" name="testVirtualGiftCard_AddMultiple" finished-at="2025-09-08T19:35:31 IST" duration-ms="5559" status="PASS">
          <reporter-output>
          </reporter-output>
        </test-method> <!-- testVirtualGiftCard_AddMultiple -->
        <test-method is-config="true" signature="tearDown()[pri:0, instance:testcases.ProductCartTest@15a04efb]" started-at="2025-09-08T19:35:31 IST" name="tearDown" finished-at="2025-09-08T19:35:32 IST" duration-ms="411" status="PASS">
          <reporter-output>
          </reporter-output>
        </test-method> <!-- tearDown -->
        <test-method is-config="true" signature="setup(java.lang.String)[pri:0, instance:testcases.ProductCartTest@15a04efb]" started-at="2025-09-08T19:35:32 IST" name="setup" finished-at="2025-09-08T19:35:38 IST" duration-ms="6679" status="PASS">
          <params>
            <param index="0">
              <value>
                <![CDATA[chrome]]>
              </value>
            </param>
          </params>
          <reporter-output>
          </reporter-output>
        </test-method> <!-- setup -->
        <test-method signature="testShoppingCart_Modify_Remove_Checkout()[pri:4, instance:testcases.ProductCartTest@15a04efb]" started-at="2025-09-08T19:35:38 IST" name="testShoppingCart_Modify_Remove_Checkout" finished-at="2025-09-08T19:36:01 IST" duration-ms="22919" status="FAIL">
          <exception class="org.openqa.selenium.TimeoutException">
            <message>
              <![CDATA[Expected condition failed: waiting for visibility of element located by By.cssSelector: table.cart (tried for 10 second(s) with 500 milliseconds interval)
Build info: version: '4.35.0', revision: '1c58e5028b'
System info: os.name: 'Windows 11', os.arch: 'amd64', os.version: '10.0', java.version: '21.0.7'
Driver info: org.openqa.selenium.chrome.ChromeDriver
Capabilities {acceptInsecureCerts: false, browserName: chrome, browserVersion: 139.0.7258.155, chrome: {chromedriverVersion: 139.0.7258.154 (9e0d6b2b47f..., userDataDir: C:\Users\Pavan\AppData\Loca...}, fedcm:accounts: true, goog:chromeOptions: {debuggerAddress: localhost:58691}, networkConnectionEnabled: false, pageLoadStrategy: normal, platformName: windows, proxy: Proxy(), se:cdp: ws://localhost:58691/devtoo..., se:cdpVersion: 139.0.7258.155, setWindowRect: true, strictFileInteractability: false, timeouts: {implicit: 0, pageLoad: 300000, script: 30000}, unhandledPromptBehavior: dismiss and notify, webauthn:extension:credBlob: true, webauthn:extension:largeBlob: true, webauthn:extension:minPinLength: true, webauthn:extension:prf: true, webauthn:virtualAuthenticators: true}
Session ID: 4a1092b117673923eb5f6601ff582a5b]]>
            </message>
            <full-stacktrace>
              <![CDATA[org.openqa.selenium.TimeoutException: Expected condition failed: waiting for visibility of element located by By.cssSelector: table.cart (tried for 10 second(s) with 500 milliseconds interval)
Build info: version: '4.35.0', revision: '1c58e5028b'
System info: os.name: 'Windows 11', os.arch: 'amd64', os.version: '10.0', java.version: '21.0.7'
Driver info: org.openqa.selenium.chrome.ChromeDriver
Capabilities {acceptInsecureCerts: false, browserName: chrome, browserVersion: 139.0.7258.155, chrome: {chromedriverVersion: 139.0.7258.154 (9e0d6b2b47f..., userDataDir: C:\Users\Pavan\AppData\Loca...}, fedcm:accounts: true, goog:chromeOptions: {debuggerAddress: localhost:58691}, networkConnectionEnabled: false, pageLoadStrategy: normal, platformName: windows, proxy: Proxy(), se:cdp: ws://localhost:58691/devtoo..., se:cdpVersion: 139.0.7258.155, setWindowRect: true, strictFileInteractability: false, timeouts: {implicit: 0, pageLoad: 300000, script: 30000}, unhandledPromptBehavior: dismiss and notify, webauthn:extension:credBlob: true, webauthn:extension:largeBlob: true, webauthn:extension:minPinLength: true, webauthn:extension:prf: true, webauthn:virtualAuthenticators: true}
Session ID: 4a1092b117673923eb5f6601ff582a5b
at org.openqa.selenium.support.ui.WebDriverWait.timeoutException(WebDriverWait.java:84)
at org.openqa.selenium.support.ui.FluentWait.until(FluentWait.java:228)
at utils.WaitUtils.waitForVisibility(WaitUtils.java:14)
at testcases.ProductCartTest.testShoppingCart_Modify_Remove_Checkout(ProductCartTest.java:96)
at java.base/jdk.internal.reflect.DirectMethodHandleAccessor.invoke(DirectMethodHandleAccessor.java:103)
at java.base/java.lang.reflect.Method.invoke(Method.java:580)
at org.testng.internal.invokers.MethodInvocationHelper.invokeMethod(MethodInvocationHelper.java:141)
at org.testng.internal.invokers.TestInvoker.invokeMethod(TestInvoker.java:687)
at org.testng.internal.invokers.TestInvoker.invokeTestMethod(TestInvoker.java:230)
at org.testng.internal.invokers.MethodRunner.runInSequence(MethodRunner.java:63)
at org.testng.internal.invokers.TestInvoker$MethodInvocationAgent.invoke(TestInvoker.java:995)
at org.testng.internal.invokers.TestInvoker.invokeTestMethods(TestInvoker.java:203)
at org.testng.internal.invokers.TestMethodWorker.invokeTestMethods(TestMethodWorker.java:154)
at org.testng.internal.invokers.TestMethodWorker.run(TestMethodWorker.java:134)
at java.base/java.util.ArrayList.forEach(ArrayList.java:1596)
at org.testng.TestRunner.privateRun(TestRunner.java:741)
at org.testng.TestRunner.run(TestRunner.java:616)
at org.testng.SuiteRunner.runTest(SuiteRunner.java:421)
at org.testng.SuiteRunner.runSequentially(SuiteRunner.java:413)
at org.testng.SuiteRunner.privateRun(SuiteRunner.java:373)
at org.testng.SuiteRunner.run(SuiteRunner.java:312)
at org.testng.SuiteRunnerWorker.runSuite(SuiteRunnerWorker.java:52)
at org.testng.SuiteRunnerWorker.run(SuiteRunnerWorker.java:95)
at org.testng.TestNG.runSuitesSequentially(TestNG.java:1274)
at org.testng.TestNG.runSuitesLocally(TestNG.java:1208)
at org.testng.TestNG.runSuites(TestNG.java:1112)
at org.testng.TestNG.run(TestNG.java:1079)
at org.testng.remote.AbstractRemoteTestNG.run(AbstractRemoteTestNG.java:115)
at org.testng.remote.RemoteTestNG.initAndRun(RemoteTestNG.java:293)
at org.testng.remote.RemoteTestNG.main(RemoteTestNG.java:91)
]]>
            </full-stacktrace>
          </exception> <!-- org.openqa.selenium.TimeoutException -->
          <reporter-output>
          </reporter-output>
        </test-method> <!-- testShoppingCart_Modify_Remove_Checkout -->
        <test-method is-config="true" signature="tearDown()[pri:0, instance:testcases.ProductCartTest@15a04efb]" started-at="2025-09-08T19:36:02 IST" name="tearDown" finished-at="2025-09-08T19:36:02 IST" duration-ms="350" status="PASS">
          <reporter-output>
          </reporter-output>
        </test-method> <!-- tearDown -->
      </class> <!-- testcases.ProductCartTest -->
      <class name="testcases.LoginNegativeTests">
        <test-method is-config="true" signature="setup(java.lang.String)[pri:0, instance:testcases.LoginNegativeTests@7ba8c737]" started-at="2025-09-08T19:32:51 IST" name="setup" finished-at="2025-09-08T19:32:53 IST" duration-ms="1942" status="PASS">
          <params>
            <param index="0">
              <value>
                <![CDATA[chrome]]>
              </value>
            </param>
          </params>
          <reporter-output>
          </reporter-output>
        </test-method> <!-- setup -->
        <test-method signature="testBlankEmail()[pri:0, instance:testcases.LoginNegativeTests@7ba8c737]" started-at="2025-09-08T19:32:53 IST" name="testBlankEmail" finished-at="2025-09-08T19:32:54 IST" duration-ms="1319" status="PASS">
          <reporter-output>
          </reporter-output>
        </test-method> <!-- testBlankEmail -->
        <test-method is-config="true" signature="tearDown()[pri:0, instance:testcases.LoginNegativeTests@7ba8c737]" started-at="2025-09-08T19:32:54 IST" name="tearDown" finished-at="2025-09-08T19:32:54 IST" duration-ms="359" status="PASS">
          <reporter-output>
          </reporter-output>
        </test-method> <!-- tearDown -->
        <test-method is-config="true" signature="setup(java.lang.String)[pri:0, instance:testcases.LoginNegativeTests@7ba8c737]" started-at="2025-09-08T19:32:54 IST" name="setup" finished-at="2025-09-08T19:32:56 IST" duration-ms="1834" status="PASS">
          <params>
            <param index="0">
              <value>
                <![CDATA[chrome]]>
              </value>
            </param>
          </params>
          <reporter-output>
          </reporter-output>
        </test-method> <!-- setup -->
        <test-method signature="testBlankEmailAndPassword()[pri:0, instance:testcases.LoginNegativeTests@7ba8c737]" started-at="2025-09-08T19:32:56 IST" name="testBlankEmailAndPassword" finished-at="2025-09-08T19:32:57 IST" duration-ms="805" status="PASS">
          <reporter-output>
          </reporter-output>
        </test-method> <!-- testBlankEmailAndPassword -->
        <test-method is-config="true" signature="tearDown()[pri:0, instance:testcases.LoginNegativeTests@7ba8c737]" started-at="2025-09-08T19:32:57 IST" name="tearDown" finished-at="2025-09-08T19:32:57 IST" duration-ms="344" status="PASS">
          <reporter-output>
          </reporter-output>
        </test-method> <!-- tearDown -->
        <test-method is-config="true" signature="setup(java.lang.String)[pri:0, instance:testcases.LoginNegativeTests@7ba8c737]" started-at="2025-09-08T19:32:57 IST" name="setup" finished-at="2025-09-08T19:32:59 IST" duration-ms="1736" status="PASS">
          <params>
            <param index="0">
              <value>
                <![CDATA[chrome]]>
              </value>
            </param>
          </params>
          <reporter-output>
          </reporter-output>
        </test-method> <!-- setup -->
        <test-method signature="testBlankPassword()[pri:0, instance:testcases.LoginNegativeTests@7ba8c737]" started-at="2025-09-08T19:32:59 IST" name="testBlankPassword" finished-at="2025-09-08T19:33:01 IST" duration-ms="1352" status="PASS">
          <reporter-output>
          </reporter-output>
        </test-method> <!-- testBlankPassword -->
        <test-method is-config="true" signature="tearDown()[pri:0, instance:testcases.LoginNegativeTests@7ba8c737]" started-at="2025-09-08T19:33:01 IST" name="tearDown" finished-at="2025-09-08T19:33:01 IST" duration-ms="357" status="PASS">
          <reporter-output>
          </reporter-output>
        </test-method> <!-- tearDown -->
        <test-method is-config="true" signature="setup(java.lang.String)[pri:0, instance:testcases.LoginNegativeTests@7ba8c737]" started-at="2025-09-08T19:33:01 IST" name="setup" finished-at="2025-09-08T19:33:03 IST" duration-ms="1750" status="PASS">
          <params>
            <param index="0">
              <value>
                <![CDATA[chrome]]>
              </value>
            </param>
          </params>
          <reporter-output>
          </reporter-output>
        </test-method> <!-- setup -->
        <test-method signature="testInvalidEmail()[pri:0, instance:testcases.LoginNegativeTests@7ba8c737]" started-at="2025-09-08T19:33:03 IST" name="testInvalidEmail" finished-at="2025-09-08T19:33:04 IST" duration-ms="1346" status="PASS">
          <reporter-output>
          </reporter-output>
        </test-method> <!-- testInvalidEmail -->
        <test-method is-config="true" signature="tearDown()[pri:0, instance:testcases.LoginNegativeTests@7ba8c737]" started-at="2025-09-08T19:33:04 IST" name="tearDown" finished-at="2025-09-08T19:33:04 IST" duration-ms="342" status="PASS">
          <reporter-output>
          </reporter-output>
        </test-method> <!-- tearDown -->
        <test-method is-config="true" signature="setup(java.lang.String)[pri:0, instance:testcases.LoginNegativeTests@7ba8c737]" started-at="2025-09-08T19:33:04 IST" name="setup" finished-at="2025-09-08T19:33:06 IST" duration-ms="1845" status="PASS">
          <params>
            <param index="0">
              <value>
                <![CDATA[chrome]]>
              </value>
            </param>
          </params>
          <reporter-output>
          </reporter-output>
        </test-method> <!-- setup -->
        <test-method signature="testInvalidEmailFormat()[pri:0, instance:testcases.LoginNegativeTests@7ba8c737]" started-at="2025-09-08T19:33:06 IST" name="testInvalidEmailFormat" finished-at="2025-09-08T19:33:07 IST" duration-ms="960" status="PASS">
          <reporter-output>
          </reporter-output>
        </test-method> <!-- testInvalidEmailFormat -->
        <test-method is-config="true" signature="tearDown()[pri:0, instance:testcases.LoginNegativeTests@7ba8c737]" started-at="2025-09-08T19:33:07 IST" name="tearDown" finished-at="2025-09-08T19:33:07 IST" duration-ms="245" status="PASS">
          <reporter-output>
          </reporter-output>
        </test-method> <!-- tearDown -->
        <test-method is-config="true" signature="setup(java.lang.String)[pri:0, instance:testcases.LoginNegativeTests@7ba8c737]" started-at="2025-09-08T19:33:07 IST" name="setup" finished-at="2025-09-08T19:33:20 IST" duration-ms="12365" status="PASS">
          <params>
            <param index="0">
              <value>
                <![CDATA[chrome]]>
              </value>
            </param>
          </params>
          <reporter-output>
          </reporter-output>
        </test-method> <!-- setup -->
        <test-method signature="testInvalidPassword()[pri:0, instance:testcases.LoginNegativeTests@7ba8c737]" started-at="2025-09-08T19:33:20 IST" name="testInvalidPassword" finished-at="2025-09-08T19:33:21 IST" duration-ms="1550" status="FAIL">
          <exception class="java.lang.AssertionError">
            <message>
              <![CDATA[Error message mismatch expected [true] but found [false]]]>
            </message>
            <full-stacktrace>
              <![CDATA[java.lang.AssertionError: Error message mismatch expected [true] but found [false]
at org.testng.Assert.fail(Assert.java:111)
at org.testng.Assert.failNotEquals(Assert.java:1590)
at org.testng.Assert.assertTrue(Assert.java:57)
at testcases.LoginNegativeTests.testInvalidPassword(LoginNegativeTests.java:43)
at java.base/jdk.internal.reflect.DirectMethodHandleAccessor.invoke(DirectMethodHandleAccessor.java:103)
at java.base/java.lang.reflect.Method.invoke(Method.java:580)
at org.testng.internal.invokers.MethodInvocationHelper.invokeMethod(MethodInvocationHelper.java:141)
at org.testng.internal.invokers.TestInvoker.invokeMethod(TestInvoker.java:687)
at org.testng.internal.invokers.TestInvoker.invokeTestMethod(TestInvoker.java:230)
at org.testng.internal.invokers.MethodRunner.runInSequence(MethodRunner.java:63)
at org.testng.internal.invokers.TestInvoker$MethodInvocationAgent.invoke(TestInvoker.java:995)
at org.testng.internal.invokers.TestInvoker.invokeTestMethods(TestInvoker.java:203)
at org.testng.internal.invokers.TestMethodWorker.invokeTestMethods(TestMethodWorker.java:154)
at org.testng.internal.invokers.TestMethodWorker.run(TestMethodWorker.java:134)
at java.base/java.util.ArrayList.forEach(ArrayList.java:1596)
at org.testng.TestRunner.privateRun(TestRunner.java:741)
at org.testng.TestRunner.run(TestRunner.java:616)
at org.testng.SuiteRunner.runTest(SuiteRunner.java:421)
at org.testng.SuiteRunner.runSequentially(SuiteRunner.java:413)
at org.testng.SuiteRunner.privateRun(SuiteRunner.java:373)
at org.testng.SuiteRunner.run(SuiteRunner.java:312)
at org.testng.SuiteRunnerWorker.runSuite(SuiteRunnerWorker.java:52)
at org.testng.SuiteRunnerWorker.run(SuiteRunnerWorker.java:95)
at org.testng.TestNG.runSuitesSequentially(TestNG.java:1274)
at org.testng.TestNG.runSuitesLocally(TestNG.java:1208)
at org.testng.TestNG.runSuites(TestNG.java:1112)
at org.testng.TestNG.run(TestNG.java:1079)
at org.testng.remote.AbstractRemoteTestNG.run(AbstractRemoteTestNG.java:115)
at org.testng.remote.RemoteTestNG.initAndRun(RemoteTestNG.java:293)
at org.testng.remote.RemoteTestNG.main(RemoteTestNG.java:91)
]]>
            </full-stacktrace>
          </exception> <!-- java.lang.AssertionError -->
          <reporter-output>
          </reporter-output>
        </test-method> <!-- testInvalidPassword -->
        <test-method is-config="true" signature="tearDown()[pri:0, instance:testcases.LoginNegativeTests@7ba8c737]" started-at="2025-09-08T19:33:21 IST" name="tearDown" finished-at="2025-09-08T19:33:23 IST" duration-ms="1847" status="PASS">
          <reporter-output>
          </reporter-output>
        </test-method> <!-- tearDown -->
      </class> <!-- testcases.LoginNegativeTests -->
      <class name="testcases.SearchFilterTest">
        <test-method is-config="true" signature="setup(java.lang.String)[pri:0, instance:testcases.SearchFilterTest@16c069df]" started-at="2025-09-08T19:36:02 IST" name="setup" finished-at="2025-09-08T19:36:11 IST" duration-ms="8829" status="PASS">
          <params>
            <param index="0">
              <value>
                <![CDATA[chrome]]>
              </value>
            </param>
          </params>
          <reporter-output>
          </reporter-output>
        </test-method> <!-- setup -->
        <test-method signature="testSearchMacBook()[pri:1, instance:testcases.SearchFilterTest@16c069df]" started-at="2025-09-08T19:36:11 IST" name="testSearchMacBook" finished-at="2025-09-08T19:36:13 IST" duration-ms="2720" status="FAIL">
          <exception class="java.lang.AssertionError">
            <message>
              <![CDATA[Search results did not match keyword! expected [true] but found [false]]]>
            </message>
            <full-stacktrace>
              <![CDATA[java.lang.AssertionError: Search results did not match keyword! expected [true] but found [false]
at org.testng.Assert.fail(Assert.java:111)
at org.testng.Assert.failNotEquals(Assert.java:1590)
at org.testng.Assert.assertTrue(Assert.java:57)
at testcases.SearchFilterTest.testSearchMacBook(SearchFilterTest.java:31)
at java.base/jdk.internal.reflect.DirectMethodHandleAccessor.invoke(DirectMethodHandleAccessor.java:103)
at java.base/java.lang.reflect.Method.invoke(Method.java:580)
at org.testng.internal.invokers.MethodInvocationHelper.invokeMethod(MethodInvocationHelper.java:141)
at org.testng.internal.invokers.TestInvoker.invokeMethod(TestInvoker.java:687)
at org.testng.internal.invokers.TestInvoker.invokeTestMethod(TestInvoker.java:230)
at org.testng.internal.invokers.MethodRunner.runInSequence(MethodRunner.java:63)
at org.testng.internal.invokers.TestInvoker$MethodInvocationAgent.invoke(TestInvoker.java:995)
at org.testng.internal.invokers.TestInvoker.invokeTestMethods(TestInvoker.java:203)
at org.testng.internal.invokers.TestMethodWorker.invokeTestMethods(TestMethodWorker.java:154)
at org.testng.internal.invokers.TestMethodWorker.run(TestMethodWorker.java:134)
at java.base/java.util.ArrayList.forEach(ArrayList.java:1596)
at org.testng.TestRunner.privateRun(TestRunner.java:741)
at org.testng.TestRunner.run(TestRunner.java:616)
at org.testng.SuiteRunner.runTest(SuiteRunner.java:421)
at org.testng.SuiteRunner.runSequentially(SuiteRunner.java:413)
at org.testng.SuiteRunner.privateRun(SuiteRunner.java:373)
at org.testng.SuiteRunner.run(SuiteRunner.java:312)
at org.testng.SuiteRunnerWorker.runSuite(SuiteRunnerWorker.java:52)
at org.testng.SuiteRunnerWorker.run(SuiteRunnerWorker.java:95)
at org.testng.TestNG.runSuitesSequentially(TestNG.java:1274)
at org.testng.TestNG.runSuitesLocally(TestNG.java:1208)
at org.testng.TestNG.runSuites(TestNG.java:1112)
at org.testng.TestNG.run(TestNG.java:1079)
at org.testng.remote.AbstractRemoteTestNG.run(AbstractRemoteTestNG.java:115)
at org.testng.remote.RemoteTestNG.initAndRun(RemoteTestNG.java:293)
at org.testng.remote.RemoteTestNG.main(RemoteTestNG.java:91)
]]>
            </full-stacktrace>
          </exception> <!-- java.lang.AssertionError -->
          <reporter-output>
          </reporter-output>
        </test-method> <!-- testSearchMacBook -->
        <test-method is-config="true" signature="tearDown()[pri:0, instance:testcases.SearchFilterTest@16c069df]" started-at="2025-09-08T19:36:14 IST" name="tearDown" finished-at="2025-09-08T19:36:14 IST" duration-ms="360" status="PASS">
          <reporter-output>
          </reporter-output>
        </test-method> <!-- tearDown -->
        <test-method is-config="true" signature="setup(java.lang.String)[pri:0, instance:testcases.SearchFilterTest@16c069df]" started-at="2025-09-08T19:36:14 IST" name="setup" finished-at="2025-09-08T19:36:19 IST" duration-ms="5156" status="PASS">
          <params>
            <param index="0">
              <value>
                <![CDATA[chrome]]>
              </value>
            </param>
          </params>
          <reporter-output>
          </reporter-output>
        </test-method> <!-- setup -->
        <test-method signature="testSearchHTC()[pri:2, instance:testcases.SearchFilterTest@16c069df]" started-at="2025-09-08T19:36:19 IST" name="testSearchHTC" finished-at="2025-09-08T19:36:24 IST" duration-ms="4470" status="PASS">
          <reporter-output>
          </reporter-output>
        </test-method> <!-- testSearchHTC -->
        <test-method is-config="true" signature="tearDown()[pri:0, instance:testcases.SearchFilterTest@16c069df]" started-at="2025-09-08T19:36:24 IST" name="tearDown" finished-at="2025-09-08T19:36:24 IST" duration-ms="389" status="PASS">
          <reporter-output>
          </reporter-output>
        </test-method> <!-- tearDown -->
        <test-method is-config="true" signature="setup(java.lang.String)[pri:0, instance:testcases.SearchFilterTest@16c069df]" started-at="2025-09-08T19:36:24 IST" name="setup" finished-at="2025-09-08T19:36:33 IST" duration-ms="8509" status="PASS">
          <params>
            <param index="0">
              <value>
                <![CDATA[chrome]]>
              </value>
            </param>
          </params>
          <reporter-output>
          </reporter-output>
        </test-method> <!-- setup -->
        <test-method signature="testSearchGiftCard()[pri:3, instance:testcases.SearchFilterTest@16c069df]" started-at="2025-09-08T19:36:33 IST" name="testSearchGiftCard" finished-at="2025-09-08T19:36:36 IST" duration-ms="3397" status="PASS">
          <reporter-output>
          </reporter-output>
        </test-method> <!-- testSearchGiftCard -->
        <test-method is-config="true" signature="tearDown()[pri:0, instance:testcases.SearchFilterTest@16c069df]" started-at="2025-09-08T19:36:36 IST" name="tearDown" finished-at="2025-09-08T19:36:36 IST" duration-ms="395" status="PASS">
          <reporter-output>
          </reporter-output>
        </test-method> <!-- tearDown -->
        <test-method is-config="true" signature="setup(java.lang.String)[pri:0, instance:testcases.SearchFilterTest@16c069df]" started-at="2025-09-08T19:36:36 IST" name="setup" finished-at="2025-09-08T19:36:40 IST" duration-ms="3941" status="PASS">
          <params>
            <param index="0">
              <value>
                <![CDATA[chrome]]>
              </value>
            </param>
          </params>
          <reporter-output>
          </reporter-output>
        </test-method> <!-- setup -->
        <test-method signature="testSortByPriceLowToHigh()[pri:4, instance:testcases.SearchFilterTest@16c069df]" started-at="2025-09-08T19:36:40 IST" name="testSortByPriceLowToHigh" finished-at="2025-09-08T19:36:43 IST" duration-ms="3159" status="PASS">
          <reporter-output>
          </reporter-output>
        </test-method> <!-- testSortByPriceLowToHigh -->
        <test-method is-config="true" signature="tearDown()[pri:0, instance:testcases.SearchFilterTest@16c069df]" started-at="2025-09-08T19:36:43 IST" name="tearDown" finished-at="2025-09-08T19:36:44 IST" duration-ms="378" status="PASS">
          <reporter-output>
          </reporter-output>
        </test-method> <!-- tearDown -->
        <test-method is-config="true" signature="setup(java.lang.String)[pri:0, instance:testcases.SearchFilterTest@16c069df]" started-at="2025-09-08T19:36:44 IST" name="setup" finished-at="2025-09-08T19:36:50 IST" duration-ms="5732" status="PASS">
          <params>
            <param index="0">
              <value>
                <![CDATA[chrome]]>
              </value>
            </param>
          </params>
          <reporter-output>
          </reporter-output>
        </test-method> <!-- setup -->
        <test-method signature="testSortByPriceHighToLow()[pri:5, instance:testcases.SearchFilterTest@16c069df]" started-at="2025-09-08T19:36:50 IST" name="testSortByPriceHighToLow" finished-at="2025-09-08T19:36:56 IST" duration-ms="5980" status="PASS">
          <reporter-output>
          </reporter-output>
        </test-method> <!-- testSortByPriceHighToLow -->
        <test-method is-config="true" signature="tearDown()[pri:0, instance:testcases.SearchFilterTest@16c069df]" started-at="2025-09-08T19:36:56 IST" name="tearDown" finished-at="2025-09-08T19:36:56 IST" duration-ms="353" status="PASS">
          <reporter-output>
          </reporter-output>
        </test-method> <!-- tearDown -->
      </class> <!-- testcases.SearchFilterTest -->
      <class name="testcases.LoginTest">
        <test-method is-config="true" signature="setup(java.lang.String)[pri:0, instance:testcases.LoginTest@24c22fe]" started-at="2025-09-08T19:30:39 IST" name="setup" finished-at="2025-09-08T19:30:41 IST" duration-ms="2008" status="PASS">
          <params>
            <param index="0">
              <value>
                <![CDATA[chrome]]>
              </value>
            </param>
          </params>
          <reporter-output>
          </reporter-output>
        </test-method> <!-- setup -->
        <test-method signature="testValidLogin()[pri:0, instance:testcases.LoginTest@24c22fe]" started-at="2025-09-08T19:30:41 IST" name="testValidLogin" finished-at="2025-09-08T19:31:48 IST" duration-ms="66816" status="PASS">
          <reporter-output>
          </reporter-output>
        </test-method> <!-- testValidLogin -->
        <test-method is-config="true" signature="tearDown()[pri:0, instance:testcases.LoginTest@24c22fe]" started-at="2025-09-08T19:31:48 IST" name="tearDown" finished-at="2025-09-08T19:31:49 IST" duration-ms="409" status="PASS">
          <reporter-output>
          </reporter-output>
        </test-method> <!-- tearDown -->
      </class> <!-- testcases.LoginTest -->
      <class name="testcases.BrowseNavigationTest">
        <test-method is-config="true" signature="setup(java.lang.String)[pri:0, instance:testcases.BrowseNavigationTest@1890516e]" started-at="2025-09-08T19:33:23 IST" name="setup" finished-at="2025-09-08T19:33:28 IST" duration-ms="4374" status="PASS">
          <params>
            <param index="0">
              <value>
                <![CDATA[chrome]]>
              </value>
            </param>
          </params>
          <reporter-output>
          </reporter-output>
        </test-method> <!-- setup -->
        <test-method signature="testNavigateComputers_Notebooks()[pri:1, instance:testcases.BrowseNavigationTest@1890516e]" started-at="2025-09-08T19:33:28 IST" name="testNavigateComputers_Notebooks" finished-at="2025-09-08T19:33:35 IST" duration-ms="7221" status="PASS">
          <reporter-output>
          </reporter-output>
        </test-method> <!-- testNavigateComputers_Notebooks -->
        <test-method is-config="true" signature="tearDown()[pri:0, instance:testcases.BrowseNavigationTest@1890516e]" started-at="2025-09-08T19:33:35 IST" name="tearDown" finished-at="2025-09-08T19:33:35 IST" duration-ms="403" status="PASS">
          <reporter-output>
          </reporter-output>
        </test-method> <!-- tearDown -->
        <test-method is-config="true" signature="setup(java.lang.String)[pri:0, instance:testcases.BrowseNavigationTest@1890516e]" started-at="2025-09-08T19:33:35 IST" name="setup" finished-at="2025-09-08T19:33:43 IST" duration-ms="7246" status="PASS">
          <params>
            <param index="0">
              <value>
                <![CDATA[chrome]]>
              </value>
            </param>
          </params>
          <reporter-output>
          </reporter-output>
        </test-method> <!-- setup -->
        <test-method signature="testNavigateElectronics_CellPhones()[pri:2, instance:testcases.BrowseNavigationTest@1890516e]" started-at="2025-09-08T19:33:43 IST" name="testNavigateElectronics_CellPhones" finished-at="2025-09-08T19:33:52 IST" duration-ms="9456" status="PASS">
          <reporter-output>
          </reporter-output>
        </test-method> <!-- testNavigateElectronics_CellPhones -->
        <test-method is-config="true" signature="tearDown()[pri:0, instance:testcases.BrowseNavigationTest@1890516e]" started-at="2025-09-08T19:33:52 IST" name="tearDown" finished-at="2025-09-08T19:33:52 IST" duration-ms="386" status="PASS">
          <reporter-output>
          </reporter-output>
        </test-method> <!-- tearDown -->
        <test-method is-config="true" signature="setup(java.lang.String)[pri:0, instance:testcases.BrowseNavigationTest@1890516e]" started-at="2025-09-08T19:33:52 IST" name="setup" finished-at="2025-09-08T19:34:08 IST" duration-ms="15154" status="PASS">
          <params>
            <param index="0">
              <value>
                <![CDATA[chrome]]>
              </value>
            </param>
          </params>
          <reporter-output>
          </reporter-output>
        </test-method> <!-- setup -->
        <test-method signature="testNavigateApparel_Shoes()[pri:3, instance:testcases.BrowseNavigationTest@1890516e]" started-at="2025-09-08T19:34:08 IST" name="testNavigateApparel_Shoes" finished-at="2025-09-08T19:34:14 IST" duration-ms="6307" status="PASS">
          <reporter-output>
          </reporter-output>
        </test-method> <!-- testNavigateApparel_Shoes -->
        <test-method is-config="true" signature="tearDown()[pri:0, instance:testcases.BrowseNavigationTest@1890516e]" started-at="2025-09-08T19:34:14 IST" name="tearDown" finished-at="2025-09-08T19:34:14 IST" duration-ms="420" status="PASS">
          <reporter-output>
          </reporter-output>
        </test-method> <!-- tearDown -->
        <test-method is-config="true" signature="setup(java.lang.String)[pri:0, instance:testcases.BrowseNavigationTest@1890516e]" started-at="2025-09-08T19:34:14 IST" name="setup" finished-at="2025-09-08T19:34:22 IST" duration-ms="7319" status="PASS">
          <params>
            <param index="0">
              <value>
                <![CDATA[chrome]]>
              </value>
            </param>
          </params>
          <reporter-output>
          </reporter-output>
        </test-method> <!-- setup -->
        <test-method signature="testProductImageRedirection()[pri:4, instance:testcases.BrowseNavigationTest@1890516e]" started-at="2025-09-08T19:34:22 IST" name="testProductImageRedirection" finished-at="2025-09-08T19:34:43 IST" duration-ms="21582" status="PASS">
          <reporter-output>
          </reporter-output>
        </test-method> <!-- testProductImageRedirection -->
        <test-method is-config="true" signature="tearDown()[pri:0, instance:testcases.BrowseNavigationTest@1890516e]" started-at="2025-09-08T19:34:43 IST" name="tearDown" finished-at="2025-09-08T19:34:44 IST" duration-ms="388" status="PASS">
          <reporter-output>
          </reporter-output>
        </test-method> <!-- tearDown -->
        <test-method is-config="true" signature="setup(java.lang.String)[pri:0, instance:testcases.BrowseNavigationTest@1890516e]" started-at="2025-09-08T19:34:44 IST" name="setup" finished-at="2025-09-08T19:34:46 IST" duration-ms="2664" status="PASS">
          <params>
            <param index="0">
              <value>
                <![CDATA[chrome]]>
              </value>
            </param>
          </params>
          <reporter-output>
          </reporter-output>
        </test-method> <!-- setup -->
        <test-method signature="testProductTitleRedirection()[pri:5, instance:testcases.BrowseNavigationTest@1890516e]" started-at="2025-09-08T19:34:46 IST" name="testProductTitleRedirection" finished-at="2025-09-08T19:34:51 IST" duration-ms="4796" status="PASS">
          <reporter-output>
          </reporter-output>
        </test-method> <!-- testProductTitleRedirection -->
        <test-method is-config="true" signature="tearDown()[pri:0, instance:testcases.BrowseNavigationTest@1890516e]" started-at="2025-09-08T19:34:51 IST" name="tearDown" finished-at="2025-09-08T19:34:51 IST" duration-ms="382" status="PASS">
          <reporter-output>
          </reporter-output>
        </test-method> <!-- tearDown -->
      </class> <!-- testcases.BrowseNavigationTest -->
      <class name="testcases.RegisterNegativeTest">
        <test-method is-config="true" signature="setup(java.lang.String)[pri:0, instance:testcases.RegisterNegativeTest@cd1e646]" started-at="2025-09-08T19:32:01 IST" name="setup" finished-at="2025-09-08T19:32:03 IST" duration-ms="1993" status="PASS">
          <params>
            <param index="0">
              <value>
                <![CDATA[chrome]]>
              </value>
            </param>
          </params>
          <reporter-output>
          </reporter-output>
        </test-method> <!-- setup -->
        <test-method signature="testEmptyForm()[pri:1, instance:testcases.RegisterNegativeTest@cd1e646]" started-at="2025-09-08T19:32:03 IST" name="testEmptyForm" finished-at="2025-09-08T19:32:13 IST" duration-ms="10229" status="FAIL">
          <exception class="org.openqa.selenium.TimeoutException">
            <message>
              <![CDATA[Expected condition failed: waiting for visibility of element located by By.id: FirstName-error (tried for 10 second(s) with 500 milliseconds interval)
Build info: version: '4.35.0', revision: '1c58e5028b'
System info: os.name: 'Windows 11', os.arch: 'amd64', os.version: '10.0', java.version: '21.0.7'
Driver info: org.openqa.selenium.chrome.ChromeDriver
Capabilities {acceptInsecureCerts: false, browserName: chrome, browserVersion: 139.0.7258.155, chrome: {chromedriverVersion: 139.0.7258.154 (9e0d6b2b47f..., userDataDir: C:\Users\Pavan\AppData\Loca...}, fedcm:accounts: true, goog:chromeOptions: {debuggerAddress: localhost:58180}, networkConnectionEnabled: false, pageLoadStrategy: normal, platformName: windows, proxy: Proxy(), se:cdp: ws://localhost:58180/devtoo..., se:cdpVersion: 139.0.7258.155, setWindowRect: true, strictFileInteractability: false, timeouts: {implicit: 0, pageLoad: 300000, script: 30000}, unhandledPromptBehavior: dismiss and notify, webauthn:extension:credBlob: true, webauthn:extension:largeBlob: true, webauthn:extension:minPinLength: true, webauthn:extension:prf: true, webauthn:virtualAuthenticators: true}
Session ID: 29bf3c280dd9a26e4a27504f8069d5e7]]>
            </message>
            <full-stacktrace>
              <![CDATA[org.openqa.selenium.TimeoutException: Expected condition failed: waiting for visibility of element located by By.id: FirstName-error (tried for 10 second(s) with 500 milliseconds interval)
Build info: version: '4.35.0', revision: '1c58e5028b'
System info: os.name: 'Windows 11', os.arch: 'amd64', os.version: '10.0', java.version: '21.0.7'
Driver info: org.openqa.selenium.chrome.ChromeDriver
Capabilities {acceptInsecureCerts: false, browserName: chrome, browserVersion: 139.0.7258.155, chrome: {chromedriverVersion: 139.0.7258.154 (9e0d6b2b47f..., userDataDir: C:\Users\Pavan\AppData\Loca...}, fedcm:accounts: true, goog:chromeOptions: {debuggerAddress: localhost:58180}, networkConnectionEnabled: false, pageLoadStrategy: normal, platformName: windows, proxy: Proxy(), se:cdp: ws://localhost:58180/devtoo..., se:cdpVersion: 139.0.7258.155, setWindowRect: true, strictFileInteractability: false, timeouts: {implicit: 0, pageLoad: 300000, script: 30000}, unhandledPromptBehavior: dismiss and notify, webauthn:extension:credBlob: true, webauthn:extension:largeBlob: true, webauthn:extension:minPinLength: true, webauthn:extension:prf: true, webauthn:virtualAuthenticators: true}
Session ID: 29bf3c280dd9a26e4a27504f8069d5e7
at org.openqa.selenium.support.ui.WebDriverWait.timeoutException(WebDriverWait.java:84)
at org.openqa.selenium.support.ui.FluentWait.until(FluentWait.java:228)
at pages.RegisterPage.getFirstNameError(RegisterPage.java:80)
at testcases.RegisterNegativeTest.testEmptyForm(RegisterNegativeTest.java:35)
at java.base/jdk.internal.reflect.DirectMethodHandleAccessor.invoke(DirectMethodHandleAccessor.java:103)
at java.base/java.lang.reflect.Method.invoke(Method.java:580)
at org.testng.internal.invokers.MethodInvocationHelper.invokeMethod(MethodInvocationHelper.java:141)
at org.testng.internal.invokers.TestInvoker.invokeMethod(TestInvoker.java:687)
at org.testng.internal.invokers.TestInvoker.invokeTestMethod(TestInvoker.java:230)
at org.testng.internal.invokers.MethodRunner.runInSequence(MethodRunner.java:63)
at org.testng.internal.invokers.TestInvoker$MethodInvocationAgent.invoke(TestInvoker.java:995)
at org.testng.internal.invokers.TestInvoker.invokeTestMethods(TestInvoker.java:203)
at org.testng.internal.invokers.TestMethodWorker.invokeTestMethods(TestMethodWorker.java:154)
at org.testng.internal.invokers.TestMethodWorker.run(TestMethodWorker.java:134)
at java.base/java.util.ArrayList.forEach(ArrayList.java:1596)
at org.testng.TestRunner.privateRun(TestRunner.java:741)
at org.testng.TestRunner.run(TestRunner.java:616)
at org.testng.SuiteRunner.runTest(SuiteRunner.java:421)
at org.testng.SuiteRunner.runSequentially(SuiteRunner.java:413)
at org.testng.SuiteRunner.privateRun(SuiteRunner.java:373)
at org.testng.SuiteRunner.run(SuiteRunner.java:312)
at org.testng.SuiteRunnerWorker.runSuite(SuiteRunnerWorker.java:52)
at org.testng.SuiteRunnerWorker.run(SuiteRunnerWorker.java:95)
at org.testng.TestNG.runSuitesSequentially(TestNG.java:1274)
at org.testng.TestNG.runSuitesLocally(TestNG.java:1208)
at org.testng.TestNG.runSuites(TestNG.java:1112)
at org.testng.TestNG.run(TestNG.java:1079)
at org.testng.remote.AbstractRemoteTestNG.run(AbstractRemoteTestNG.java:115)
at org.testng.remote.RemoteTestNG.initAndRun(RemoteTestNG.java:293)
at org.testng.remote.RemoteTestNG.main(RemoteTestNG.java:91)
]]>
            </full-stacktrace>
          </exception> <!-- org.openqa.selenium.TimeoutException -->
          <reporter-output>
          </reporter-output>
        </test-method> <!-- testEmptyForm -->
        <test-method is-config="true" signature="tearDown()[pri:0, instance:testcases.RegisterNegativeTest@cd1e646]" started-at="2025-09-08T19:32:13 IST" name="tearDown" finished-at="2025-09-08T19:32:14 IST" duration-ms="321" status="PASS">
          <reporter-output>
          </reporter-output>
        </test-method> <!-- tearDown -->
        <test-method is-config="true" signature="setup(java.lang.String)[pri:0, instance:testcases.RegisterNegativeTest@cd1e646]" started-at="2025-09-08T19:32:14 IST" name="setup" finished-at="2025-09-08T19:32:16 IST" duration-ms="1907" status="PASS">
          <params>
            <param index="0">
              <value>
                <![CDATA[chrome]]>
              </value>
            </param>
          </params>
          <reporter-output>
          </reporter-output>
        </test-method> <!-- setup -->
        <test-method signature="testInvalidEmailFormat()[pri:2, instance:testcases.RegisterNegativeTest@cd1e646]" started-at="2025-09-08T19:32:16 IST" name="testInvalidEmailFormat" finished-at="2025-09-08T19:32:17 IST" duration-ms="1579" status="PASS">
          <reporter-output>
          </reporter-output>
        </test-method> <!-- testInvalidEmailFormat -->
        <test-method is-config="true" signature="tearDown()[pri:0, instance:testcases.RegisterNegativeTest@cd1e646]" started-at="2025-09-08T19:32:17 IST" name="tearDown" finished-at="2025-09-08T19:32:18 IST" duration-ms="386" status="PASS">
          <reporter-output>
          </reporter-output>
        </test-method> <!-- tearDown -->
        <test-method is-config="true" signature="setup(java.lang.String)[pri:0, instance:testcases.RegisterNegativeTest@cd1e646]" started-at="2025-09-08T19:32:18 IST" name="setup" finished-at="2025-09-08T19:32:20 IST" duration-ms="1949" status="PASS">
          <params>
            <param index="0">
              <value>
                <![CDATA[chrome]]>
              </value>
            </param>
          </params>
          <reporter-output>
          </reporter-output>
        </test-method> <!-- setup -->
        <test-method signature="testPasswordMismatch()[pri:3, instance:testcases.RegisterNegativeTest@cd1e646]" started-at="2025-09-08T19:32:20 IST" name="testPasswordMismatch" finished-at="2025-09-08T19:32:21 IST" duration-ms="1642" status="PASS">
          <reporter-output>
          </reporter-output>
        </test-method> <!-- testPasswordMismatch -->
        <test-method is-config="true" signature="tearDown()[pri:0, instance:testcases.RegisterNegativeTest@cd1e646]" started-at="2025-09-08T19:32:21 IST" name="tearDown" finished-at="2025-09-08T19:32:22 IST" duration-ms="353" status="PASS">
          <reporter-output>
          </reporter-output>
        </test-method> <!-- tearDown -->
        <test-method is-config="true" signature="setup(java.lang.String)[pri:0, instance:testcases.RegisterNegativeTest@cd1e646]" started-at="2025-09-08T19:32:22 IST" name="setup" finished-at="2025-09-08T19:32:25 IST" duration-ms="3275" status="PASS">
          <params>
            <param index="0">
              <value>
                <![CDATA[chrome]]>
              </value>
            </param>
          </params>
          <reporter-output>
          </reporter-output>
        </test-method> <!-- setup -->
        <test-method signature="testPasswordBelowMinLength()[pri:4, instance:testcases.RegisterNegativeTest@cd1e646]" started-at="2025-09-08T19:32:25 IST" name="testPasswordBelowMinLength" finished-at="2025-09-08T19:32:30 IST" duration-ms="4833" status="FAIL">
          <exception class="org.openqa.selenium.NoSuchElementException">
            <message>
              <![CDATA[no such element: Unable to locate element: {"method":"css selector","selector":"#Password\-error"}
  (Session info: chrome=139.0.7258.155)
For documentation on this error, please visit: https://www.selenium.dev/documentation/webdriver/troubleshooting/errors#no-such-element-exception
Build info: version: '4.35.0', revision: '1c58e5028b'
System info: os.name: 'Windows 11', os.arch: 'amd64', os.version: '10.0', java.version: '21.0.7'
Driver info: org.openqa.selenium.chrome.ChromeDriver
Command: [f83d2ebbedaf333f5c5420ac849c730f, findElement {value=Password-error, using=id}]
Capabilities {acceptInsecureCerts: false, browserName: chrome, browserVersion: 139.0.7258.155, chrome: {chromedriverVersion: 139.0.7258.154 (9e0d6b2b47f..., userDataDir: C:\Users\Pavan\AppData\Loca...}, fedcm:accounts: true, goog:chromeOptions: {debuggerAddress: localhost:58251}, networkConnectionEnabled: false, pageLoadStrategy: normal, platformName: windows, proxy: Proxy(), se:cdp: ws://localhost:58251/devtoo..., se:cdpVersion: 139.0.7258.155, setWindowRect: true, strictFileInteractability: false, timeouts: {implicit: 0, pageLoad: 300000, script: 30000}, unhandledPromptBehavior: dismiss and notify, webauthn:extension:credBlob: true, webauthn:extension:largeBlob: true, webauthn:extension:minPinLength: true, webauthn:extension:prf: true, webauthn:virtualAuthenticators: true}
Session ID: f83d2ebbedaf333f5c5420ac849c730f]]>
            </message>
            <full-stacktrace>
              <![CDATA[org.openqa.selenium.NoSuchElementException: no such element: Unable to locate element: {"method":"css selector","selector":"#Password\-error"}
  (Session info: chrome=139.0.7258.155)
For documentation on this error, please visit: https://www.selenium.dev/documentation/webdriver/troubleshooting/errors#no-such-element-exception
Build info: version: '4.35.0', revision: '1c58e5028b'
System info: os.name: 'Windows 11', os.arch: 'amd64', os.version: '10.0', java.version: '21.0.7'
Driver info: org.openqa.selenium.chrome.ChromeDriver
Command: [f83d2ebbedaf333f5c5420ac849c730f, findElement {value=Password-error, using=id}]
Capabilities {acceptInsecureCerts: false, browserName: chrome, browserVersion: 139.0.7258.155, chrome: {chromedriverVersion: 139.0.7258.154 (9e0d6b2b47f..., userDataDir: C:\Users\Pavan\AppData\Loca...}, fedcm:accounts: true, goog:chromeOptions: {debuggerAddress: localhost:58251}, networkConnectionEnabled: false, pageLoadStrategy: normal, platformName: windows, proxy: Proxy(), se:cdp: ws://localhost:58251/devtoo..., se:cdpVersion: 139.0.7258.155, setWindowRect: true, strictFileInteractability: false, timeouts: {implicit: 0, pageLoad: 300000, script: 30000}, unhandledPromptBehavior: dismiss and notify, webauthn:extension:credBlob: true, webauthn:extension:largeBlob: true, webauthn:extension:minPinLength: true, webauthn:extension:prf: true, webauthn:virtualAuthenticators: true}
Session ID: f83d2ebbedaf333f5c5420ac849c730f
at java.base/jdk.internal.reflect.DirectConstructorHandleAccessor.newInstance(DirectConstructorHandleAccessor.java:62)
at java.base/java.lang.reflect.Constructor.newInstanceWithCaller(Constructor.java:502)
at java.base/java.lang.reflect.Constructor.newInstance(Constructor.java:486)
at org.openqa.selenium.remote.ErrorCodec.decode(ErrorCodec.java:167)
at org.openqa.selenium.remote.codec.w3c.W3CHttpResponseCodec.decode(W3CHttpResponseCodec.java:138)
at org.openqa.selenium.remote.codec.w3c.W3CHttpResponseCodec.decode(W3CHttpResponseCodec.java:50)
at org.openqa.selenium.remote.HttpCommandExecutor.execute(HttpCommandExecutor.java:215)
at org.openqa.selenium.remote.service.DriverCommandExecutor.invokeExecute(DriverCommandExecutor.java:216)
at org.openqa.selenium.remote.service.DriverCommandExecutor.execute(DriverCommandExecutor.java:174)
at org.openqa.selenium.remote.RemoteWebDriver.execute(RemoteWebDriver.java:557)
at org.openqa.selenium.remote.ElementLocation$ElementFinder$2.findElement(ElementLocation.java:165)
at org.openqa.selenium.remote.ElementLocation.findElement(ElementLocation.java:59)
at org.openqa.selenium.remote.RemoteWebDriver.findElement(RemoteWebDriver.java:380)
at org.openqa.selenium.remote.RemoteWebDriver.findElement(RemoteWebDriver.java:374)
at pages.RegisterPage.getPasswordError(RegisterPage.java:92)
at testcases.RegisterNegativeTest.testPasswordBelowMinLength(RegisterNegativeTest.java:76)
at java.base/jdk.internal.reflect.DirectMethodHandleAccessor.invoke(DirectMethodHandleAccessor.java:103)
at java.base/java.lang.reflect.Method.invoke(Method.java:580)
at org.testng.internal.invokers.MethodInvocationHelper.invokeMethod(MethodInvocationHelper.java:141)
at org.testng.internal.invokers.TestInvoker.invokeMethod(TestInvoker.java:687)
at org.testng.internal.invokers.TestInvoker.invokeTestMethod(TestInvoker.java:230)
at org.testng.internal.invokers.MethodRunner.runInSequence(MethodRunner.java:63)
at org.testng.internal.invokers.TestInvoker$MethodInvocationAgent.invoke(TestInvoker.java:995)
at org.testng.internal.invokers.TestInvoker.invokeTestMethods(TestInvoker.java:203)
at org.testng.internal.invokers.TestMethodWorker.invokeTestMethods(TestMethodWorker.java:154)
at org.testng.internal.invokers.TestMethodWorker.run(TestMethodWorker.java:134)
at java.base/java.util.ArrayList.forEach(ArrayList.java:1596)
at org.testng.TestRunner.privateRun(TestRunner.java:741)
at org.testng.TestRunner.run(TestRunner.java:616)
at org.testng.SuiteRunner.runTest(SuiteRunner.java:421)
at org.testng.SuiteRunner.runSequentially(SuiteRunner.java:413)
at org.testng.SuiteRunner.privateRun(SuiteRunner.java:373)
at org.testng.SuiteRunner.run(SuiteRunner.java:312)
at org.testng.SuiteRunnerWorker.runSuite(SuiteRunnerWorker.java:52)
at org.testng.SuiteRunnerWorker.run(SuiteRunnerWorker.java:95)
at org.testng.TestNG.runSuitesSequentially(TestNG.java:1274)
at org.testng.TestNG.runSuitesLocally(TestNG.java:1208)
at org.testng.TestNG.runSuites(TestNG.java:1112)
at org.testng.TestNG.run(TestNG.java:1079)
at org.testng.remote.AbstractRemoteTestNG.run(AbstractRemoteTestNG.java:115)
at org.testng.remote.RemoteTestNG.initAndRun(RemoteTestNG.java:293)
at org.testng.remote.RemoteTestNG.main(RemoteTestNG.java:91)
]]>
            </full-stacktrace>
          </exception> <!-- org.openqa.selenium.NoSuchElementException -->
          <reporter-output>
          </reporter-output>
        </test-method> <!-- testPasswordBelowMinLength -->
        <test-method is-config="true" signature="tearDown()[pri:0, instance:testcases.RegisterNegativeTest@cd1e646]" started-at="2025-09-08T19:32:30 IST" name="tearDown" finished-at="2025-09-08T19:32:30 IST" duration-ms="335" status="PASS">
          <reporter-output>
          </reporter-output>
        </test-method> <!-- tearDown -->
        <test-method is-config="true" signature="setup(java.lang.String)[pri:0, instance:testcases.RegisterNegativeTest@cd1e646]" started-at="2025-09-08T19:32:30 IST" name="setup" finished-at="2025-09-08T19:32:32 IST" duration-ms="1861" status="PASS">
          <params>
            <param index="0">
              <value>
                <![CDATA[chrome]]>
              </value>
            </param>
          </params>
          <reporter-output>
          </reporter-output>
        </test-method> <!-- setup -->
        <test-method signature="testFirstNameBlank()[pri:5, instance:testcases.RegisterNegativeTest@cd1e646]" started-at="2025-09-08T19:32:32 IST" name="testFirstNameBlank" finished-at="2025-09-08T19:32:44 IST" duration-ms="11861" status="FAIL">
          <exception class="org.openqa.selenium.TimeoutException">
            <message>
              <![CDATA[Expected condition failed: waiting for visibility of element located by By.id: FirstName-error (tried for 10 second(s) with 500 milliseconds interval)
Build info: version: '4.35.0', revision: '1c58e5028b'
System info: os.name: 'Windows 11', os.arch: 'amd64', os.version: '10.0', java.version: '21.0.7'
Driver info: org.openqa.selenium.chrome.ChromeDriver
Capabilities {acceptInsecureCerts: false, browserName: chrome, browserVersion: 139.0.7258.155, chrome: {chromedriverVersion: 139.0.7258.154 (9e0d6b2b47f..., userDataDir: C:\Users\Pavan\AppData\Loca...}, fedcm:accounts: true, goog:chromeOptions: {debuggerAddress: localhost:58274}, networkConnectionEnabled: false, pageLoadStrategy: normal, platformName: windows, proxy: Proxy(), se:cdp: ws://localhost:58274/devtoo..., se:cdpVersion: 139.0.7258.155, setWindowRect: true, strictFileInteractability: false, timeouts: {implicit: 0, pageLoad: 300000, script: 30000}, unhandledPromptBehavior: dismiss and notify, webauthn:extension:credBlob: true, webauthn:extension:largeBlob: true, webauthn:extension:minPinLength: true, webauthn:extension:prf: true, webauthn:virtualAuthenticators: true}
Session ID: e206f2d951c5999e5fecc0918cbde6ef]]>
            </message>
            <full-stacktrace>
              <![CDATA[org.openqa.selenium.TimeoutException: Expected condition failed: waiting for visibility of element located by By.id: FirstName-error (tried for 10 second(s) with 500 milliseconds interval)
Build info: version: '4.35.0', revision: '1c58e5028b'
System info: os.name: 'Windows 11', os.arch: 'amd64', os.version: '10.0', java.version: '21.0.7'
Driver info: org.openqa.selenium.chrome.ChromeDriver
Capabilities {acceptInsecureCerts: false, browserName: chrome, browserVersion: 139.0.7258.155, chrome: {chromedriverVersion: 139.0.7258.154 (9e0d6b2b47f..., userDataDir: C:\Users\Pavan\AppData\Loca...}, fedcm:accounts: true, goog:chromeOptions: {debuggerAddress: localhost:58274}, networkConnectionEnabled: false, pageLoadStrategy: normal, platformName: windows, proxy: Proxy(), se:cdp: ws://localhost:58274/devtoo..., se:cdpVersion: 139.0.7258.155, setWindowRect: true, strictFileInteractability: false, timeouts: {implicit: 0, pageLoad: 300000, script: 30000}, unhandledPromptBehavior: dismiss and notify, webauthn:extension:credBlob: true, webauthn:extension:largeBlob: true, webauthn:extension:minPinLength: true, webauthn:extension:prf: true, webauthn:virtualAuthenticators: true}
Session ID: e206f2d951c5999e5fecc0918cbde6ef
at org.openqa.selenium.support.ui.WebDriverWait.timeoutException(WebDriverWait.java:84)
at org.openqa.selenium.support.ui.FluentWait.until(FluentWait.java:228)
at pages.RegisterPage.getFirstNameError(RegisterPage.java:80)
at testcases.RegisterNegativeTest.testFirstNameBlank(RegisterNegativeTest.java:88)
at java.base/jdk.internal.reflect.DirectMethodHandleAccessor.invoke(DirectMethodHandleAccessor.java:103)
at java.base/java.lang.reflect.Method.invoke(Method.java:580)
at org.testng.internal.invokers.MethodInvocationHelper.invokeMethod(MethodInvocationHelper.java:141)
at org.testng.internal.invokers.TestInvoker.invokeMethod(TestInvoker.java:687)
at org.testng.internal.invokers.TestInvoker.invokeTestMethod(TestInvoker.java:230)
at org.testng.internal.invokers.MethodRunner.runInSequence(MethodRunner.java:63)
at org.testng.internal.invokers.TestInvoker$MethodInvocationAgent.invoke(TestInvoker.java:995)
at org.testng.internal.invokers.TestInvoker.invokeTestMethods(TestInvoker.java:203)
at org.testng.internal.invokers.TestMethodWorker.invokeTestMethods(TestMethodWorker.java:154)
at org.testng.internal.invokers.TestMethodWorker.run(TestMethodWorker.java:134)
at java.base/java.util.ArrayList.forEach(ArrayList.java:1596)
at org.testng.TestRunner.privateRun(TestRunner.java:741)
at org.testng.TestRunner.run(TestRunner.java:616)
at org.testng.SuiteRunner.runTest(SuiteRunner.java:421)
at org.testng.SuiteRunner.runSequentially(SuiteRunner.java:413)
at org.testng.SuiteRunner.privateRun(SuiteRunner.java:373)
at org.testng.SuiteRunner.run(SuiteRunner.java:312)
at org.testng.SuiteRunnerWorker.runSuite(SuiteRunnerWorker.java:52)
at org.testng.SuiteRunnerWorker.run(SuiteRunnerWorker.java:95)
at org.testng.TestNG.runSuitesSequentially(TestNG.java:1274)
at org.testng.TestNG.runSuitesLocally(TestNG.java:1208)
at org.testng.TestNG.runSuites(TestNG.java:1112)
at org.testng.TestNG.run(TestNG.java:1079)
at org.testng.remote.AbstractRemoteTestNG.run(AbstractRemoteTestNG.java:115)
at org.testng.remote.RemoteTestNG.initAndRun(RemoteTestNG.java:293)
at org.testng.remote.RemoteTestNG.main(RemoteTestNG.java:91)
]]>
            </full-stacktrace>
          </exception> <!-- org.openqa.selenium.TimeoutException -->
          <reporter-output>
          </reporter-output>
        </test-method> <!-- testFirstNameBlank -->
        <test-method is-config="true" signature="tearDown()[pri:0, instance:testcases.RegisterNegativeTest@cd1e646]" started-at="2025-09-08T19:32:44 IST" name="tearDown" finished-at="2025-09-08T19:32:46 IST" duration-ms="1892" status="PASS">
          <reporter-output>
          </reporter-output>
        </test-method> <!-- tearDown -->
        <test-method is-config="true" signature="setup(java.lang.String)[pri:0, instance:testcases.RegisterNegativeTest@cd1e646]" started-at="2025-09-08T19:32:46 IST" name="setup" finished-at="2025-09-08T19:32:49 IST" duration-ms="2966" status="PASS">
          <params>
            <param index="0">
              <value>
                <![CDATA[chrome]]>
              </value>
            </param>
          </params>
          <reporter-output>
          </reporter-output>
        </test-method> <!-- setup -->
        <test-method signature="testLastNameBlank()[pri:6, instance:testcases.RegisterNegativeTest@cd1e646]" started-at="2025-09-08T19:32:49 IST" name="testLastNameBlank" finished-at="2025-09-08T19:32:51 IST" duration-ms="1436" status="PASS">
          <reporter-output>
          </reporter-output>
        </test-method> <!-- testLastNameBlank -->
        <test-method is-config="true" signature="tearDown()[pri:0, instance:testcases.RegisterNegativeTest@cd1e646]" started-at="2025-09-08T19:32:51 IST" name="tearDown" finished-at="2025-09-08T19:32:51 IST" duration-ms="336" status="PASS">
          <reporter-output>
          </reporter-output>
        </test-method> <!-- tearDown -->
      </class> <!-- testcases.RegisterNegativeTest -->
    </test> <!-- Test -->
  </suite> <!-- Suite -->
</testng-results>
